<?xml version="1.0" encoding="UTF-8"?>
<!-- Generated by org.testng.reporters.JUnitReportReporter -->
<testsuite hostname="LAPTOP-T2KB8GQK" failures="0" tests="1" name="test.Browsertest" time="49.669" errors="0" timestamp="2021-09-16T00:15:47 IST" skipped="0">
  <testcase classname="test.Browsertest" name="google_search" time="49.669"/>
  <system-out/>
</testsuite> <!-- test.Browsertest -->
